<?xml version="1.0" encoding="utf-8"?><testsuites name="pytest tests"><testsuite name="pytest" errors="0" failures="3" skipped="0" tests="23" time="44.055" timestamp="2026-06-24T06:04:38.112612+00:00" hostname="agent-env-0cd66357-0f03-4715-a2d7-4042dfba76e2"><testcase classname="tests.backend_test" name="test_01_health" time="0.125" /><testcase classname="tests.backend_test" name="test_02_register_founder" time="0.364" /><testcase classname="tests.backend_test" name="test_03_register_reviewer" time="0.326" /><testcase classname="tests.backend_test" name="test_04_register_duplicate" time="0.113" /><testcase classname="tests.backend_test" name="test_05_login" time="0.331" /><testcase classname="tests.backend_test" name="test_06_login_invalid" time="0.320" /><testcase classname="tests.backend_test" name="test_07_me" time="0.166" /><testcase classname="tests.backend_test" name="test_08_me_unauthorized" time="0.098" /><testcase classname="tests.backend_test" name="test_09_create_project" time="0.122" /><testcase classname="tests.backend_test" name="test_10_list_projects" time="0.095" /><testcase classname="tests.backend_test" name="test_11_get_project_detail" time="0.099" /><testcase classname="tests.backend_test" name="test_12_public_project" time="0.173" /><testcase classname="tests.backend_test" name="test_13_public_project_404" time="0.100" /><testcase classname="tests.backend_test" name="test_14_submit_feedback_reviewer" time="0.129" /><testcase classname="tests.backend_test" name="test_15_feedback_dedupe" time="0.110" /><testcase classname="tests.backend_test" name="test_16_submit_feedback_founder" time="0.101" /><testcase classname="tests.backend_test" name="test_17_list_feedback_owner" time="0.097" /><testcase classname="tests.backend_test" name="test_18_list_feedback_non_owner_forbidden" time="0.100" /><testcase classname="tests.backend_test" name="test_19_analyze_project" time="39.780"><failure message="AssertionError: Internal Server Error&#10;assert 500 == 200&#10; +  where 500 = &lt;Response [500]&gt;.status_code">backend/tests/backend_test.py:170: in test_19_analyze_project
    assert r.status_code == 200, r.text
E   AssertionError: Internal Server Error
E   assert 500 == 200
E    +  where 500 = &lt;Response [500]&gt;.status_code</failure></testcase><testcase classname="tests.backend_test" name="test_20_project_detail_has_insight" time="0.269"><failure message="assert None is not None">backend/tests/backend_test.py:193: in test_20_project_detail_has_insight
    assert r.json()["insight"] is not None
E   assert None is not None</failure></testcase><testcase classname="tests.backend_test" name="test_21_dashboard_stats" time="0.137"><failure message="assert 0 &gt;= 1">backend/tests/backend_test.py:203: in test_21_dashboard_stats
    assert s["analyzed_projects"] &gt;= 1
E   assert 0 &gt;= 1</failure></testcase><testcase classname="tests.backend_test" name="test_22_logout" time="0.114" /><testcase classname="tests.backend_test" name="test_23_delete_project_cascades" time="0.199" /></testsuite></testsuites>