<?xml version="1.0" encoding="utf-8"?><testsuites name="pytest tests"><testsuite name="pytest" errors="0" failures="3" skipped="0" tests="14" time="38.327" timestamp="2026-06-24T06:52:02.051071+00:00" hostname="agent-env-0cd66357-0f03-4715-a2d7-4042dfba76e2"><testcase classname="tests.backend_test_v3" name="test_01_analyze_returns_202_fast" time="1.119" /><testcase classname="tests.backend_test_v3" name="test_02_idempotent_same_job_id" time="0.138" /><testcase classname="tests.backend_test_v3" name="test_03_status_owner_only" time="0.425" /><testcase classname="tests.backend_test_v3" name="test_04_poll_until_done" time="34.528" /><testcase classname="tests.backend_test_v3" name="test_05_result_full_schema" time="0.155"><failure message="AssertionError: pmf missing problem_severity_score&#10;assert 'problem_severity_score' in {'pmf_score': 45, 'demand_score': 50, 'market_readiness_score': 30, 'differentiation_score': 40, ...}">backend/tests/backend_test_v3.py:106: in test_05_result_full_schema
    assert k in pmf, f"pmf missing {k}"
E   AssertionError: pmf missing problem_severity_score
E   assert 'problem_severity_score' in {'pmf_score': 45, 'demand_score': 50, 'market_readiness_score': 30, 'differentiation_score': 40, ...}</failure></testcase><testcase classname="tests.backend_test_v3" name="test_06_project_reflects_insight" time="0.110" /><testcase classname="tests.backend_test_v3" name="test_07_founder_budget_numeric" time="0.098" /><testcase classname="tests.backend_test_v3" name="test_08_founder_budget_string_rejected" time="0.113" /><testcase classname="tests.backend_test_v3" name="test_09_founder_profile_flat" time="0.098" /><testcase classname="tests.backend_test_v3" name="test_10_founder_insight_endpoint" time="0.098" /><testcase classname="tests.backend_test_v3" name="test_11_battle_criteria_array" time="0.095"><failure message="AssertionError: {&quot;detail&quot;:[{&quot;type&quot;:&quot;missing&quot;,&quot;loc&quot;:[&quot;body&quot;,&quot;project_a_id&quot;],&quot;msg&quot;:&quot;Field required&quot;,&quot;input&quot;:{&quot;idea_a&quot;:&quot;AI-powered code review SaaS for enterprise dev teams&quot;,&quot;idea_b&quot;:&quot;Drone-based crop monitoring for smallholder farmers&quot;},&quot;url&quot;:&quot;https://errors.pydantic.dev/2.13/v/missing&quot;},{&quot;type&quot;:&quot;missing&quot;,&quot;loc&quot;:[&quot;body&quot;,&quot;project_b_id&quot;],&quot;msg&quot;:&quot;Field required&quot;,&quot;input&quot;:{&quot;idea_a&quot;:&quot;AI-powered code review SaaS for enterprise dev teams&quot;,&quot;idea_b&quot;:&quot;Drone-based crop monitoring for smallholder farmers&quot;},&quot;url&quot;:&quot;https://errors.pydantic.dev/2.13/v/missing&quot;}]}&#10;assert 422 == 200&#10; +  where 422 = &lt;Response [422]&gt;.status_code">backend/tests/backend_test_v3.py:185: in test_11_battle_criteria_array
    assert r.status_code == 200, r.text
E   AssertionError: {"detail":[{"type":"missing","loc":["body","project_a_id"],"msg":"Field required","input":{"idea_a":"AI-powered code review SaaS for enterprise dev teams","idea_b":"Drone-based crop monitoring for smallholder farmers"},"url":"https://errors.pydantic.dev/2.13/v/missing"},{"type":"missing","loc":["body","project_b_id"],"msg":"Field required","input":{"idea_a":"AI-powered code review SaaS for enterprise dev teams","idea_b":"Drone-based crop monitoring for smallholder farmers"},"url":"https://errors.pydantic.dev/2.13/v/missing"}]}
E   assert 422 == 200
E    +  where 422 = &lt;Response [422]&gt;.status_code</failure></testcase><testcase classname="tests.backend_test_v3" name="test_12_auth_login" time="0.319" /><testcase classname="tests.backend_test_v3" name="test_13_leaderboard" time="0.227"><failure message="AssertionError: assert False&#10; +  where False = isinstance({'items': [{'project_id': 'proj_b43272d12fd6', 'public_link_id': '6a786defeb', 'name': 'AsyncTest TEST', 'category': 'SaaS', ...}], 'sort': 'validation'}, list)&#10; +    where {'items': [{'project_id': 'proj_b43272d12fd6', 'public_link_id': '6a786defeb', 'name': 'AsyncTest TEST', 'category': 'SaaS', ...}], 'sort': 'validation'} = json()&#10; +      where json = &lt;Response [200]&gt;.json">backend/tests/backend_test_v3.py:214: in test_13_leaderboard
    assert isinstance(r.json(), list)
E   AssertionError: assert False
E    +  where False = isinstance({'items': [{'project_id': 'proj_b43272d12fd6', 'public_link_id': '6a786defeb', 'name': 'AsyncTest TEST', 'category': 'SaaS', ...}], 'sort': 'validation'}, list)
E    +    where {'items': [{'project_id': 'proj_b43272d12fd6', 'public_link_id': '6a786defeb', 'name': 'AsyncTest TEST', 'category': 'SaaS', ...}], 'sort': 'validation'} = json()
E    +      where json = &lt;Response [200]&gt;.json</failure></testcase><testcase classname="tests.backend_test_v3" name="test_14_pdf_report" time="0.127" /></testsuite></testsuites>